TN:
SF:src/config/envs.ts
FN:3,requireEnv
FNF:1
FNH:1
FNDA:11,requireEnv
DA:4,11
DA:5,11
DA:6,1
DA:8,10
DA:11,6
LF:5
LH:5
BRDA:5,0,0,1
BRDA:5,0,1,10
BRDA:12,1,0,6
BRDA:12,1,1,0
BRDA:13,2,0,6
BRDA:13,2,1,0
BRF:6
BRH:4
end_of_record
TN:
SF:src/config/jwt.ts
FN:4,signToken
FN:8,verifyToken
FNF:2
FNH:2
FNDA:5,signToken
FNDA:4,verifyToken
DA:5,5
DA:9,4
LF:2
LH:2
BRF:0
BRH:0
end_of_record
TN:
SF:src/modules/users/users.repository.ts
FN:9,(anonymous_0)
FN:11,(anonymous_1)
FN:17,(anonymous_2)
FN:20,(anonymous_3)
FN:26,(anonymous_4)
FN:29,(anonymous_5)
FN:34,(anonymous_6)
FNF:7
FNH:7
FNDA:5,(anonymous_0)
FNDA:2,(anonymous_1)
FNDA:2,(anonymous_2)
FNDA:2,(anonymous_3)
FNDA:2,(anonymous_4)
FNDA:1,(anonymous_5)
FNDA:1,(anonymous_6)
DA:9,5
DA:12,2
DA:17,2
DA:21,2
DA:26,2
DA:30,1
DA:34,1
LF:7
LH:7
BRDA:17,0,0,2
BRDA:17,0,1,1
BRDA:26,1,0,2
BRDA:26,1,1,1
BRF:4
BRH:4
end_of_record
TN:
SF:src/modules/users/users.service.ts
FN:10,(anonymous_0)
FN:12,(anonymous_1)
FN:29,(anonymous_2)
FNF:3
FNH:3
FNDA:10,(anonymous_0)
FNDA:6,(anonymous_1)
FNDA:6,(anonymous_2)
DA:7,2
DA:10,10
DA:13,6
DA:14,6
DA:15,3
DA:18,3
DA:19,3
DA:24,3
DA:25,3
DA:26,3
DA:30,6
DA:31,6
DA:32,2
DA:35,4
DA:36,4
DA:37,2
DA:40,2
DA:41,2
DA:42,2
LF:19
LH:19
BRDA:14,0,0,3
BRDA:14,0,1,3
BRDA:31,1,0,2
BRDA:31,1,1,4
BRDA:36,2,0,2
BRDA:36,2,1,2
BRF:6
BRH:6
end_of_record
TN:
SF:src/web/routes.ts
FN:8,publicRoutes
FN:21,authenticatedRoutes
FN:28,registerApiRouter
FNF:3
FNH:3
FNDA:3,publicRoutes
FNDA:3,authenticatedRoutes
FNDA:3,registerApiRouter
DA:9,3
DA:11,3
DA:12,3
DA:13,3
DA:15,3
DA:16,3
DA:18,3
DA:22,3
DA:25,3
DA:29,3
DA:30,3
DA:31,3
DA:32,3
LF:13
LH:13
BRF:0
BRH:0
end_of_record
TN:
SF:src/web/server.ts
FN:8,createServer
FN:22,startServer
FN:25,(anonymous_2)
FNF:3
FNH:3
FNDA:3,createServer
FNDA:1,startServer
FNDA:1,(anonymous_2)
DA:9,3
DA:11,3
DA:12,3
DA:13,3
DA:15,3
DA:17,3
DA:19,3
DA:23,1
DA:25,1
DA:26,1
LF:10
LH:10
BRF:0
BRH:0
end_of_record
TN:
SF:src/web/controllers/auth.controller.ts
FN:20,(anonymous_0)
FN:22,(anonymous_1)
FN:34,(anonymous_2)
FNF:3
FNH:3
FNDA:12,(anonymous_0)
FNDA:8,(anonymous_1)
FNDA:8,(anonymous_2)
DA:6,2
DA:14,2
DA:20,12
DA:22,8
DA:23,8
DA:24,8
DA:25,8
DA:27,4
DA:28,2
DA:30,2
DA:34,8
DA:35,8
DA:36,8
DA:37,8
DA:39,5
DA:40,2
DA:42,3
LF:17
LH:17
BRDA:25,0,0,4
BRDA:25,0,1,4
BRDA:37,1,0,3
BRDA:37,1,1,5
BRF:4
BRH:4
end_of_record
TN:
SF:src/web/errors/AppError.ts
FN:4,(anonymous_0)
FNF:1
FNH:1
FNDA:34,(anonymous_0)
DA:5,34
DA:8,34
DA:9,34
DA:10,34
LF:4
LH:4
BRF:0
BRH:0
end_of_record
TN:
SF:src/web/errors/ResourceNotFoundError.ts
FN:4,(anonymous_0)
FNF:1
FNH:1
FNDA:3,(anonymous_0)
DA:5,3
LF:1
LH:1
BRF:0
BRH:0
end_of_record
TN:
SF:src/web/errors/ValidationError.ts
FN:7,(anonymous_0)
FN:9,(anonymous_1)
FNF:2
FNH:2
FNDA:13,(anonymous_0)
FNDA:17,(anonymous_1)
DA:8,13
DA:9,17
LF:2
LH:2
BRF:0
BRH:0
end_of_record
TN:
SF:src/web/middlewares/authenticate.ts
FN:5,authenticate
FNF:1
FNH:1
FNDA:6,authenticate
DA:6,6
DA:7,6
DA:8,3
DA:11,3
DA:12,3
DA:13,3
DA:14,3
DA:16,2
LF:8
LH:8
BRDA:7,0,0,3
BRDA:7,0,1,3
BRF:2
BRH:2
end_of_record
TN:
SF:src/web/middlewares/errorHandler.ts
FN:7,errorHandler
FNF:1
FNH:1
FNDA:11,errorHandler
DA:13,11
DA:14,3
DA:15,3
DA:20,3
DA:23,8
DA:24,6
DA:25,6
DA:28,6
DA:31,2
DA:34,2
DA:36,11
LF:11
LH:11
BRDA:13,0,0,3
BRDA:13,0,1,8
BRDA:23,1,0,6
BRDA:23,1,1,2
BRDA:34,2,0,1
BRDA:34,2,1,1
BRF:6
BRH:6
end_of_record
TN:
SF:src/web/middlewares/logger.ts
FN:10,loggerMiddleware
FN:17,(anonymous_1)
FNF:2
FNH:2
FNDA:9,loggerMiddleware
FNDA:9,(anonymous_1)
DA:5,2
DA:15,9
DA:17,9
DA:18,9
DA:19,9
DA:22,9
LF:6
LH:6
BRDA:7,0,0,0
BRDA:7,0,1,2
BRF:2
BRH:1
end_of_record
TN:
SF:src/web/middlewares/timeout.ts
FN:6,timeout
FN:7,(anonymous_1)
FN:11,(anonymous_2)
FN:12,(anonymous_3)
FNF:4
FNH:4
FNDA:13,timeout
FNDA:1,(anonymous_1)
FNDA:10,(anonymous_2)
FNDA:10,(anonymous_3)
DA:4,2
DA:7,13
DA:8,1
DA:11,13
DA:12,13
DA:14,13
LF:6
LH:6
BRF:0
BRH:0
end_of_record
